[2025-12-18 16:49:21] Error: Call to private method Payco::writeCronLog() from scope PaycoConfirmationModuleFrontController
Tipo: Error
Archivo: C:\xampp8.2\htdocs\prestashop\modules\payco\controllers\front\confirmation.php
Línea: 118
#0 C:\xampp8.2\htdocs\prestashop\classes\controller\Controller.php(317): PaycoConfirmationModuleFrontController->postProcess()
#1 C:\xampp8.2\htdocs\prestashop\classes\Dispatcher.php(484): ControllerCore->run()
#2 C:\xampp8.2\htdocs\prestashop\index.php(78): DispatcherCore->dispatch()
#3 {main}

[2025-12-18 16:50:03] Error: Too few arguments to function EpaycoOrder::updateStockDiscount(), 2 passed in C:\xampp8.2\htdocs\prestashop\modules\payco\payco.php on line 1147 and exactly 3 expected
Tipo: ArgumentCountError
Archivo: C:\xampp8.2\htdocs\prestashop\modules\payco\lib\EpaycoOrder.php
Línea: 90
#0 C:\xampp8.2\htdocs\prestashop\modules\payco\payco.php(1147): EpaycoOrder::updateStockDiscount(6, 1)
#1 C:\xampp8.2\htdocs\prestashop\modules\payco\payco.php(1044): Payco->Acentarpago(6, 1, '325653263', '325653263', 15470.0, 'COP', 'bb52032dc9e041b...', true, 'TRUE', 1, 0, '000000', 'VS')
#2 C:\xampp8.2\htdocs\prestashop\modules\payco\controllers\front\confirmation.php(118): Payco->PaymentSuccess(6, 1, '325653263', '325653263', 15470.0, 'COP', 'bb52032dc9e041b...', true, 'TRUE', 1, 0, '000000', 'VS')
#3 C:\xampp8.2\htdocs\prestashop\classes\controller\Controller.php(317): PaycoConfirmationModuleFrontController->postProcess()
#4 C:\xampp8.2\htdocs\prestashop\classes\Dispatcher.php(484): ControllerCore->run()
#5 C:\xampp8.2\htdocs\prestashop\index.php(78): DispatcherCore->dispatch()
#6 {main}

[2025-12-18 21:39:20] Error: SQLSTATE[42000]: Syntax error or access violation: 1064 You have an error in your SQL syntax; check the manual that corresponds to your MariaDB server version for the right syntax to use near 'LIMIT 1' at line 1
Archivo: C:\xampp8.2\htdocs\prestashop\classes\db\DbPDO.php
Línea: 149
#0 C:\xampp8.2\htdocs\prestashop\classes\db\Db.php(381): DbPDOCore->_query('SELECT id FROM ...')
#1 C:\xampp8.2\htdocs\prestashop\classes\db\Db.php(668): DbCore->query('SELECT id FROM ...')
#2 C:\xampp8.2\htdocs\prestashop\classes\db\Db.php(702): DbCore->getRow('SELECT id FROM ...', true)
#3 C:\xampp8.2\htdocs\prestashop\modules\payco\payco.php(1138): DbCore->getValue('SELECT id FROM ...')
#4 C:\xampp8.2\htdocs\prestashop\modules\payco\payco.php(1128): Payco->Acentarpago(10, 1, '325710952', '325710952', 15470.0, 'COP', 'adddf28ab119576...', true, 'TRUE', 1, '325710952', '000000', 'VS')
#5 C:\xampp8.2\htdocs\prestashop\modules\payco\controllers\front\confirmation.php(60): Payco->PaymentSuccess(10, 1, '325710952', '325710952', 15470.0, 'COP', 'adddf28ab119576...', true, 'TRUE', 1, '325710952', '000000', 'VS')
#6 C:\xampp8.2\htdocs\prestashop\classes\controller\Controller.php(317): PaycoConfirmationModuleFrontController->postProcess()
#7 C:\xampp8.2\htdocs\prestashop\classes\Dispatcher.php(484): ControllerCore->run()
#8 C:\xampp8.2\htdocs\prestashop\index.php(78): DispatcherCore->dispatch()
#9 {main}

[2025-12-18 21:39:32] Error: SQLSTATE[42000]: Syntax error or access violation: 1064 You have an error in your SQL syntax; check the manual that corresponds to your MariaDB server version for the right syntax to use near 'LIMIT 1' at line 1
Archivo: C:\xampp8.2\htdocs\prestashop\classes\db\DbPDO.php
Línea: 149
#0 C:\xampp8.2\htdocs\prestashop\classes\db\Db.php(381): DbPDOCore->_query('SELECT id FROM ...')
#1 C:\xampp8.2\htdocs\prestashop\classes\db\Db.php(668): DbCore->query('SELECT id FROM ...')
#2 C:\xampp8.2\htdocs\prestashop\classes\db\Db.php(702): DbCore->getRow('SELECT id FROM ...', true)
#3 C:\xampp8.2\htdocs\prestashop\modules\payco\payco.php(1138): DbCore->getValue('SELECT id FROM ...')
#4 C:\xampp8.2\htdocs\prestashop\modules\payco\payco.php(1128): Payco->Acentarpago(10, 1, '325710952', '325710952', 15470.0, 'COP', 'adddf28ab119576...', true, 'TRUE', 1, '325710952', '000000', 'VS')
#5 C:\xampp8.2\htdocs\prestashop\modules\payco\controllers\front\confirmation.php(60): Payco->PaymentSuccess(10, 1, '325710952', '325710952', 15470.0, 'COP', 'adddf28ab119576...', true, 'TRUE', 1, '325710952', '000000', 'VS')
#6 C:\xampp8.2\htdocs\prestashop\classes\controller\Controller.php(317): PaycoConfirmationModuleFrontController->postProcess()
#7 C:\xampp8.2\htdocs\prestashop\classes\Dispatcher.php(484): ControllerCore->run()
#8 C:\xampp8.2\htdocs\prestashop\index.php(78): DispatcherCore->dispatch()
#9 {main}

[2025-12-18 21:39:52] Error: SQLSTATE[42000]: Syntax error or access violation: 1064 You have an error in your SQL syntax; check the manual that corresponds to your MariaDB server version for the right syntax to use near 'LIMIT 1' at line 1
Archivo: C:\xampp8.2\htdocs\prestashop\classes\db\DbPDO.php
Línea: 149
#0 C:\xampp8.2\htdocs\prestashop\classes\db\Db.php(381): DbPDOCore->_query('SELECT id FROM ...')
#1 C:\xampp8.2\htdocs\prestashop\classes\db\Db.php(668): DbCore->query('SELECT id FROM ...')
#2 C:\xampp8.2\htdocs\prestashop\classes\db\Db.php(702): DbCore->getRow('SELECT id FROM ...', true)
#3 C:\xampp8.2\htdocs\prestashop\modules\payco\payco.php(1138): DbCore->getValue('SELECT id FROM ...')
#4 C:\xampp8.2\htdocs\prestashop\modules\payco\payco.php(1128): Payco->Acentarpago(10, 1, '325710952', '325710952', 15470.0, 'COP', 'adddf28ab119576...', true, 'TRUE', 1, '325710952', '000000', 'VS')
#5 C:\xampp8.2\htdocs\prestashop\modules\payco\controllers\front\confirmation.php(60): Payco->PaymentSuccess(10, 1, '325710952', '325710952', 15470.0, 'COP', 'adddf28ab119576...', true, 'TRUE', 1, '325710952', '000000', 'VS')
#6 C:\xampp8.2\htdocs\prestashop\classes\controller\Controller.php(317): PaycoConfirmationModuleFrontController->postProcess()
#7 C:\xampp8.2\htdocs\prestashop\classes\Dispatcher.php(484): ControllerCore->run()
#8 C:\xampp8.2\htdocs\prestashop\index.php(78): DispatcherCore->dispatch()
#9 {main}

[2025-12-18 21:40:04] Error: SQLSTATE[42000]: Syntax error or access violation: 1064 You have an error in your SQL syntax; check the manual that corresponds to your MariaDB server version for the right syntax to use near 'LIMIT 1' at line 1
Archivo: C:\xampp8.2\htdocs\prestashop\classes\db\DbPDO.php
Línea: 149
#0 C:\xampp8.2\htdocs\prestashop\classes\db\Db.php(381): DbPDOCore->_query('SELECT id FROM ...')
#1 C:\xampp8.2\htdocs\prestashop\classes\db\Db.php(668): DbCore->query('SELECT id FROM ...')
#2 C:\xampp8.2\htdocs\prestashop\classes\db\Db.php(702): DbCore->getRow('SELECT id FROM ...', true)
#3 C:\xampp8.2\htdocs\prestashop\modules\payco\payco.php(1138): DbCore->getValue('SELECT id FROM ...')
#4 C:\xampp8.2\htdocs\prestashop\modules\payco\payco.php(1128): Payco->Acentarpago(10, 1, '325710952', '325710952', 15470.0, 'COP', 'adddf28ab119576...', true, 'TRUE', 1, '325710952', '000000', 'VS')
#5 C:\xampp8.2\htdocs\prestashop\modules\payco\controllers\front\confirmation.php(60): Payco->PaymentSuccess(10, 1, '325710952', '325710952', 15470.0, 'COP', 'adddf28ab119576...', true, 'TRUE', 1, '325710952', '000000', 'VS')
#6 C:\xampp8.2\htdocs\prestashop\classes\controller\Controller.php(317): PaycoConfirmationModuleFrontController->postProcess()
#7 C:\xampp8.2\htdocs\prestashop\classes\Dispatcher.php(484): ControllerCore->run()
#8 C:\xampp8.2\htdocs\prestashop\index.php(78): DispatcherCore->dispatch()
#9 {main}

[2025-12-18 21:47:49] Error: SQLSTATE[42000]: Syntax error or access violation: 1064 You have an error in your SQL syntax; check the manual that corresponds to your MariaDB server version for the right syntax to use near 'LIMIT 1' at line 1
Archivo: C:\xampp8.2\htdocs\prestashop\classes\db\DbPDO.php
Línea: 149
#0 C:\xampp8.2\htdocs\prestashop\classes\db\Db.php(381): DbPDOCore->_query('SELECT id FROM ...')
#1 C:\xampp8.2\htdocs\prestashop\classes\db\Db.php(668): DbCore->query('SELECT id FROM ...')
#2 C:\xampp8.2\htdocs\prestashop\classes\db\Db.php(702): DbCore->getRow('SELECT id FROM ...', true)
#3 C:\xampp8.2\htdocs\prestashop\modules\payco\payco.php(1138): DbCore->getValue('SELECT id FROM ...')
#4 C:\xampp8.2\htdocs\prestashop\modules\payco\payco.php(1128): Payco->Acentarpago(10, 1, '325710952', '325710952', 15470.0, 'COP', 'adddf28ab119576...', true, 'TRUE', 1, '325710952', '000000', 'VS')
#5 C:\xampp8.2\htdocs\prestashop\modules\payco\controllers\front\confirmation.php(60): Payco->PaymentSuccess(10, 1, '325710952', '325710952', 15470.0, 'COP', 'adddf28ab119576...', true, 'TRUE', 1, '325710952', '000000', 'VS')
#6 C:\xampp8.2\htdocs\prestashop\classes\controller\Controller.php(317): PaycoConfirmationModuleFrontController->postProcess()
#7 C:\xampp8.2\htdocs\prestashop\classes\Dispatcher.php(484): ControllerCore->run()
#8 C:\xampp8.2\htdocs\prestashop\index.php(78): DispatcherCore->dispatch()
#9 {main}

[2025-12-18 21:47:55] Error: SQLSTATE[42000]: Syntax error or access violation: 1064 You have an error in your SQL syntax; check the manual that corresponds to your MariaDB server version for the right syntax to use near 'LIMIT 1' at line 1
Archivo: C:\xampp8.2\htdocs\prestashop\classes\db\DbPDO.php
Línea: 149
#0 C:\xampp8.2\htdocs\prestashop\classes\db\Db.php(381): DbPDOCore->_query('SELECT id FROM ...')
#1 C:\xampp8.2\htdocs\prestashop\classes\db\Db.php(668): DbCore->query('SELECT id FROM ...')
#2 C:\xampp8.2\htdocs\prestashop\classes\db\Db.php(702): DbCore->getRow('SELECT id FROM ...', true)
#3 C:\xampp8.2\htdocs\prestashop\modules\payco\payco.php(1138): DbCore->getValue('SELECT id FROM ...')
#4 C:\xampp8.2\htdocs\prestashop\modules\payco\payco.php(1128): Payco->Acentarpago(10, 1, '325710952', '325710952', 15470.0, 'COP', 'adddf28ab119576...', true, 'TRUE', 1, '325710952', '000000', 'VS')
#5 C:\xampp8.2\htdocs\prestashop\modules\payco\controllers\front\confirmation.php(60): Payco->PaymentSuccess(10, 1, '325710952', '325710952', 15470.0, 'COP', 'adddf28ab119576...', true, 'TRUE', 1, '325710952', '000000', 'VS')
#6 C:\xampp8.2\htdocs\prestashop\classes\controller\Controller.php(317): PaycoConfirmationModuleFrontController->postProcess()
#7 C:\xampp8.2\htdocs\prestashop\classes\Dispatcher.php(484): ControllerCore->run()
#8 C:\xampp8.2\htdocs\prestashop\index.php(78): DispatcherCore->dispatch()
#9 {main}

[2025-12-18 21:49:40] Error: SQLSTATE[42000]: Syntax error or access violation: 1064 You have an error in your SQL syntax; check the manual that corresponds to your MariaDB server version for the right syntax to use near 'LIMIT 1' at line 1
Archivo: C:\xampp8.2\htdocs\prestashop\classes\db\DbPDO.php
Línea: 149
#0 C:\xampp8.2\htdocs\prestashop\classes\db\Db.php(381): DbPDOCore->_query('SELECT id FROM ...')
#1 C:\xampp8.2\htdocs\prestashop\classes\db\Db.php(668): DbCore->query('SELECT id FROM ...')
#2 C:\xampp8.2\htdocs\prestashop\classes\db\Db.php(702): DbCore->getRow('SELECT id FROM ...', true)
#3 C:\xampp8.2\htdocs\prestashop\modules\payco\payco.php(1138): DbCore->getValue('SELECT id FROM ...')
#4 C:\xampp8.2\htdocs\prestashop\modules\payco\payco.php(1128): Payco->Acentarpago(10, 1, '325710952', '325710952', 15470.0, 'COP', 'adddf28ab119576...', true, 'TRUE', 1, '325710952', '000000', 'VS')
#5 C:\xampp8.2\htdocs\prestashop\modules\payco\controllers\front\confirmation.php(60): Payco->PaymentSuccess(10, 1, '325710952', '325710952', 15470.0, 'COP', 'adddf28ab119576...', true, 'TRUE', 1, '325710952', '000000', 'VS')
#6 C:\xampp8.2\htdocs\prestashop\classes\controller\Controller.php(317): PaycoConfirmationModuleFrontController->postProcess()
#7 C:\xampp8.2\htdocs\prestashop\classes\Dispatcher.php(484): ControllerCore->run()
#8 C:\xampp8.2\htdocs\prestashop\index.php(78): DispatcherCore->dispatch()
#9 {main}

[2025-12-18 22:08:59] Error: SQLSTATE[42000]: Syntax error or access violation: 1064 You have an error in your SQL syntax; check the manual that corresponds to your MariaDB server version for the right syntax to use near 'LIMIT 1' at line 1
Archivo: C:\xampp8.2\htdocs\prestashop80\classes\db\DbPDO.php
Línea: 151
#0 C:\xampp8.2\htdocs\prestashop80\classes\db\Db.php(377): DbPDOCore->_query('SELECT id FROM ...')
#1 C:\xampp8.2\htdocs\prestashop80\classes\db\Db.php(664): DbCore->query('SELECT id FROM ...')
#2 C:\xampp8.2\htdocs\prestashop80\classes\db\Db.php(698): DbCore->getRow('SELECT id FROM ...', true)
#3 C:\xampp8.2\htdocs\prestashop80\modules\payco\payco.php(1138): DbCore->getValue('SELECT id FROM ...')
#4 C:\xampp8.2\htdocs\prestashop80\modules\payco\payco.php(1128): Payco->Acentarpago(1, 1, '325714986', '325714986', 15000.0, 'COP', '7fa9c0df1f5ecbb...', true, 'TRUE', 1, '325714986', '000000', 'VS')
#5 C:\xampp8.2\htdocs\prestashop80\modules\payco\controllers\front\confirmation.php(60): Payco->PaymentSuccess(1, 1, '325714986', '325714986', 15000.0, 'COP', '7fa9c0df1f5ecbb...', true, 'TRUE', 1, '325714986', '000000', 'VS')
#6 C:\xampp8.2\htdocs\prestashop80\classes\controller\Controller.php(308): PaycoConfirmationModuleFrontController->postProcess()
#7 C:\xampp8.2\htdocs\prestashop80\classes\Dispatcher.php(510): ControllerCore->run()
#8 C:\xampp8.2\htdocs\prestashop80\index.php(28): DispatcherCore->dispatch()
#9 {main}

[2025-12-18 22:09:10] Error: SQLSTATE[42000]: Syntax error or access violation: 1064 You have an error in your SQL syntax; check the manual that corresponds to your MariaDB server version for the right syntax to use near 'LIMIT 1' at line 1
Archivo: C:\xampp8.2\htdocs\prestashop80\classes\db\DbPDO.php
Línea: 151
#0 C:\xampp8.2\htdocs\prestashop80\classes\db\Db.php(377): DbPDOCore->_query('SELECT id FROM ...')
#1 C:\xampp8.2\htdocs\prestashop80\classes\db\Db.php(664): DbCore->query('SELECT id FROM ...')
#2 C:\xampp8.2\htdocs\prestashop80\classes\db\Db.php(698): DbCore->getRow('SELECT id FROM ...', true)
#3 C:\xampp8.2\htdocs\prestashop80\modules\payco\payco.php(1138): DbCore->getValue('SELECT id FROM ...')
#4 C:\xampp8.2\htdocs\prestashop80\modules\payco\payco.php(1128): Payco->Acentarpago(1, 1, '325714986', '325714986', 15000.0, 'COP', '7fa9c0df1f5ecbb...', true, 'TRUE', 1, '325714986', '000000', 'VS')
#5 C:\xampp8.2\htdocs\prestashop80\modules\payco\controllers\front\confirmation.php(60): Payco->PaymentSuccess(1, 1, '325714986', '325714986', 15000.0, 'COP', '7fa9c0df1f5ecbb...', true, 'TRUE', 1, '325714986', '000000', 'VS')
#6 C:\xampp8.2\htdocs\prestashop80\classes\controller\Controller.php(308): PaycoConfirmationModuleFrontController->postProcess()
#7 C:\xampp8.2\htdocs\prestashop80\classes\Dispatcher.php(510): ControllerCore->run()
#8 C:\xampp8.2\htdocs\prestashop80\index.php(28): DispatcherCore->dispatch()
#9 {main}

[2025-12-18 22:32:18] Error: Call to a member function getOrdersTotalPaid() on null
Archivo: C:\xampp8.2\htdocs\prestashop80\modules\payco\payco.php
Línea: 1183
#0 C:\xampp8.2\htdocs\prestashop80\modules\payco\payco.php(1128): Payco->Acentarpago(0, 0, '', '', 0.0, '', '', true, '', 0, '', '', '')
#1 C:\xampp8.2\htdocs\prestashop80\modules\payco\controllers\front\confirmation.php(60): Payco->PaymentSuccess(0, 0, '', '', 0.0, '', '', true, '', 0, '', '', '')
#2 C:\xampp8.2\htdocs\prestashop80\classes\controller\Controller.php(308): PaycoConfirmationModuleFrontController->postProcess()
#3 C:\xampp8.2\htdocs\prestashop80\classes\Dispatcher.php(510): ControllerCore->run()
#4 C:\xampp8.2\htdocs\prestashop80\index.php(28): DispatcherCore->dispatch()
#5 {main}

[2025-12-18 22:35:15] Error: Call to a member function getOrdersTotalPaid() on null
Archivo: C:\xampp8.2\htdocs\prestashop80\modules\payco\payco.php
Línea: 1183
#0 C:\xampp8.2\htdocs\prestashop80\modules\payco\payco.php(1128): Payco->Acentarpago(0, 0, '', '', 0.0, '', '', true, '', 0, '', '', '')
#1 C:\xampp8.2\htdocs\prestashop80\modules\payco\controllers\front\confirmation.php(60): Payco->PaymentSuccess(0, 0, '', '', 0.0, '', '', true, '', 0, '', '', '')
#2 C:\xampp8.2\htdocs\prestashop80\classes\controller\Controller.php(308): PaycoConfirmationModuleFrontController->postProcess()
#3 C:\xampp8.2\htdocs\prestashop80\classes\Dispatcher.php(510): ControllerCore->run()
#4 C:\xampp8.2\htdocs\prestashop80\index.php(28): DispatcherCore->dispatch()
#5 {main}

[2025-12-18 22:40:51] Error: Too few arguments to function EpaycoOrder::updateStockDiscount(), 2 passed in C:\xampp8.2\htdocs\prestashop80\modules\payco\payco.php on line 1327 and exactly 3 expected
Archivo: C:\xampp8.2\htdocs\prestashop80\modules\payco\lib\EpaycoOrder.php
Línea: 90
#0 C:\xampp8.2\htdocs\prestashop80\modules\payco\payco.php(1327): EpaycoOrder::updateStockDiscount(5, 1)
#1 C:\xampp8.2\htdocs\prestashop80\modules\payco\payco.php(1128): Payco->Acentarpago(5, 3, '325718503', '325718503', 15000.0, 'COP', '020e72be91464df...', true, 'TRUE', 3, '325718503', '000000', 'AM')
#2 C:\xampp8.2\htdocs\prestashop80\modules\payco\controllers\front\confirmation.php(60): Payco->PaymentSuccess(5, 3, '325718503', '325718503', 15000.0, 'COP', '020e72be91464df...', true, 'TRUE', 3, '325718503', '000000', 'AM')
#3 C:\xampp8.2\htdocs\prestashop80\classes\controller\Controller.php(308): PaycoConfirmationModuleFrontController->postProcess()
#4 C:\xampp8.2\htdocs\prestashop80\classes\Dispatcher.php(510): ControllerCore->run()
#5 C:\xampp8.2\htdocs\prestashop80\index.php(28): DispatcherCore->dispatch()
#6 {main}

[2025-12-18 22:40:58] Error: Too few arguments to function EpaycoOrder::updateStockDiscount(), 2 passed in C:\xampp8.2\htdocs\prestashop80\modules\payco\payco.php on line 1327 and exactly 3 expected
Archivo: C:\xampp8.2\htdocs\prestashop80\modules\payco\lib\EpaycoOrder.php
Línea: 90
#0 C:\xampp8.2\htdocs\prestashop80\modules\payco\payco.php(1327): EpaycoOrder::updateStockDiscount(5, 1)
#1 C:\xampp8.2\htdocs\prestashop80\modules\payco\payco.php(1128): Payco->Acentarpago(5, 3, '325718503', '325718503', 15000.0, 'COP', '020e72be91464df...', true, 'TRUE', 3, '325718503', '000000', 'AM')
#2 C:\xampp8.2\htdocs\prestashop80\modules\payco\controllers\front\confirmation.php(60): Payco->PaymentSuccess(5, 3, '325718503', '325718503', 15000.0, 'COP', '020e72be91464df...', true, 'TRUE', 3, '325718503', '000000', 'AM')
#3 C:\xampp8.2\htdocs\prestashop80\classes\controller\Controller.php(308): PaycoConfirmationModuleFrontController->postProcess()
#4 C:\xampp8.2\htdocs\prestashop80\classes\Dispatcher.php(510): ControllerCore->run()
#5 C:\xampp8.2\htdocs\prestashop80\index.php(28): DispatcherCore->dispatch()
#6 {main}

[2025-12-18 22:41:25] Error: Too few arguments to function EpaycoOrder::updateStockDiscount(), 2 passed in C:\xampp8.2\htdocs\prestashop80\modules\payco\payco.php on line 1327 and exactly 3 expected
Archivo: C:\xampp8.2\htdocs\prestashop80\modules\payco\lib\EpaycoOrder.php
Línea: 90
#0 C:\xampp8.2\htdocs\prestashop80\modules\payco\payco.php(1327): EpaycoOrder::updateStockDiscount(5, 1)
#1 C:\xampp8.2\htdocs\prestashop80\modules\payco\payco.php(1128): Payco->Acentarpago(5, 3, '325718503', '325718503', 15000.0, 'COP', '020e72be91464df...', true, 'TRUE', 3, '325718503', '000000', 'AM')
#2 C:\xampp8.2\htdocs\prestashop80\modules\payco\controllers\front\confirmation.php(60): Payco->PaymentSuccess(5, 3, '325718503', '325718503', 15000.0, 'COP', '020e72be91464df...', true, 'TRUE', 3, '325718503', '000000', 'AM')
#3 C:\xampp8.2\htdocs\prestashop80\classes\controller\Controller.php(308): PaycoConfirmationModuleFrontController->postProcess()
#4 C:\xampp8.2\htdocs\prestashop80\classes\Dispatcher.php(510): ControllerCore->run()
#5 C:\xampp8.2\htdocs\prestashop80\index.php(28): DispatcherCore->dispatch()
#6 {main}

[2025-12-18 22:41:58] Error: Too few arguments to function EpaycoOrder::updateStockDiscount(), 2 passed in C:\xampp8.2\htdocs\prestashop80\modules\payco\payco.php on line 1327 and exactly 3 expected
Archivo: C:\xampp8.2\htdocs\prestashop80\modules\payco\lib\EpaycoOrder.php
Línea: 90
#0 C:\xampp8.2\htdocs\prestashop80\modules\payco\payco.php(1327): EpaycoOrder::updateStockDiscount(5, 1)
#1 C:\xampp8.2\htdocs\prestashop80\modules\payco\payco.php(1128): Payco->Acentarpago(5, 3, '325718503', '325718503', 15000.0, 'COP', '020e72be91464df...', true, 'TRUE', 3, '325718503', '000000', 'AM')
#2 C:\xampp8.2\htdocs\prestashop80\modules\payco\controllers\front\confirmation.php(60): Payco->PaymentSuccess(5, 3, '325718503', '325718503', 15000.0, 'COP', '020e72be91464df...', true, 'TRUE', 3, '325718503', '000000', 'AM')
#3 C:\xampp8.2\htdocs\prestashop80\classes\controller\Controller.php(308): PaycoConfirmationModuleFrontController->postProcess()
#4 C:\xampp8.2\htdocs\prestashop80\classes\Dispatcher.php(510): ControllerCore->run()
#5 C:\xampp8.2\htdocs\prestashop80\index.php(28): DispatcherCore->dispatch()
#6 {main}

[2025-12-18 22:42:15] Error: Too few arguments to function EpaycoOrder::updateStockDiscount(), 2 passed in C:\xampp8.2\htdocs\prestashop80\modules\payco\payco.php on line 1327 and exactly 3 expected
Archivo: C:\xampp8.2\htdocs\prestashop80\modules\payco\lib\EpaycoOrder.php
Línea: 90
#0 C:\xampp8.2\htdocs\prestashop80\modules\payco\payco.php(1327): EpaycoOrder::updateStockDiscount(5, 1)
#1 C:\xampp8.2\htdocs\prestashop80\modules\payco\payco.php(1128): Payco->Acentarpago(5, 3, '325718503', '325718503', 15000.0, 'COP', '020e72be91464df...', true, 'TRUE', 3, '325718503', '000000', 'AM')
#2 C:\xampp8.2\htdocs\prestashop80\modules\payco\controllers\front\confirmation.php(60): Payco->PaymentSuccess(5, 3, '325718503', '325718503', 15000.0, 'COP', '020e72be91464df...', true, 'TRUE', 3, '325718503', '000000', 'AM')
#3 C:\xampp8.2\htdocs\prestashop80\classes\controller\Controller.php(308): PaycoConfirmationModuleFrontController->postProcess()
#4 C:\xampp8.2\htdocs\prestashop80\classes\Dispatcher.php(510): ControllerCore->run()
#5 C:\xampp8.2\htdocs\prestashop80\index.php(28): DispatcherCore->dispatch()
#6 {main}

[2025-12-18 22:42:55] Error: Too few arguments to function EpaycoOrder::updateStockDiscount(), 2 passed in C:\xampp8.2\htdocs\prestashop80\modules\payco\payco.php on line 1327 and exactly 3 expected
Archivo: C:\xampp8.2\htdocs\prestashop80\modules\payco\lib\EpaycoOrder.php
Línea: 90
#0 C:\xampp8.2\htdocs\prestashop80\modules\payco\payco.php(1327): EpaycoOrder::updateStockDiscount(5, 1)
#1 C:\xampp8.2\htdocs\prestashop80\modules\payco\payco.php(1128): Payco->Acentarpago(5, 3, '325718503', '325718503', 15000.0, 'COP', '020e72be91464df...', true, 'TRUE', 3, '325718503', '000000', 'AM')
#2 C:\xampp8.2\htdocs\prestashop80\modules\payco\controllers\front\confirmation.php(60): Payco->PaymentSuccess(5, 3, '325718503', '325718503', 15000.0, 'COP', '020e72be91464df...', true, 'TRUE', 3, '325718503', '000000', 'AM')
#3 C:\xampp8.2\htdocs\prestashop80\classes\controller\Controller.php(308): PaycoConfirmationModuleFrontController->postProcess()
#4 C:\xampp8.2\htdocs\prestashop80\classes\Dispatcher.php(510): ControllerCore->run()
#5 C:\xampp8.2\htdocs\prestashop80\index.php(28): DispatcherCore->dispatch()
#6 {main}

[2025-12-18 22:44:23] Error: Too few arguments to function EpaycoOrder::updateStockDiscount(), 2 passed in C:\xampp8.2\htdocs\prestashop80\modules\payco\payco.php on line 1327 and exactly 3 expected
Archivo: C:\xampp8.2\htdocs\prestashop80\modules\payco\lib\EpaycoOrder.php
Línea: 90
#0 C:\xampp8.2\htdocs\prestashop80\modules\payco\payco.php(1327): EpaycoOrder::updateStockDiscount(5, 1)
#1 C:\xampp8.2\htdocs\prestashop80\modules\payco\payco.php(1128): Payco->Acentarpago(5, 3, '325718503', '325718503', 15000.0, 'COP', '020e72be91464df...', true, 'TRUE', 3, '325718503', '000000', 'AM')
#2 C:\xampp8.2\htdocs\prestashop80\modules\payco\controllers\front\confirmation.php(60): Payco->PaymentSuccess(5, 3, '325718503', '325718503', 15000.0, 'COP', '020e72be91464df...', true, 'TRUE', 3, '325718503', '000000', 'AM')
#3 C:\xampp8.2\htdocs\prestashop80\classes\controller\Controller.php(308): PaycoConfirmationModuleFrontController->postProcess()
#4 C:\xampp8.2\htdocs\prestashop80\classes\Dispatcher.php(510): ControllerCore->run()
#5 C:\xampp8.2\htdocs\prestashop80\index.php(28): DispatcherCore->dispatch()
#6 {main}

