[2025-12-19 13:36:46] === ACENTARPAGO INICIADO === Order: 19 | x_cod_response: 3 | current_state: 18 | confirmation: true
[2025-12-19 13:36:46] DEBUG: confirmation type=boolean | x_cod_response type=integer
[2025-12-19 13:36:46] >>> DETECTADO: Transacción PENDIENTE (x_cod_response=3)
[2025-12-19 13:36:46] >>> p_reduce_stock_pending = false
[2025-12-19 13:36:46] >>> Verificando condición: confirmation && x_cod_response == 3
[2025-12-19 13:36:46] >>> confirmation = true
[2025-12-19 13:36:46] >>> x_cod_response = 3
[2025-12-19 13:36:46] >>> (confirmation && x_cod_response == 3) = TRUE
[2025-12-19 13:36:46] >>> CONFIRMACION CON x_cod_response=3 DETECTADA para orden 19
[2025-12-19 13:36:46] >>> Configuración: REDUCIR stock en pendientes = DESACTIVO
[2025-12-19 13:36:46] >>> No se reduce stock para transacciones pendientes en el pedido 19
[2025-12-19 13:36:46] Cambiando estado de orden a PAYCO_OS_PENDING
[2025-12-19 13:55:11] === ACENTARPAGO INICIADO === Order: 20 | x_cod_response: 3 | current_state: 18 | confirmation: true
[2025-12-19 13:55:11] DEBUG: confirmation type=boolean | x_cod_response type=integer
[2025-12-19 13:55:11] >>> DETECTADO: Transacción PENDIENTE (x_cod_response=3)
[2025-12-19 13:55:11] >>> p_reduce_stock_pending = false
[2025-12-19 13:55:11] >>> Verificando condición: confirmation && x_cod_response == 3
[2025-12-19 13:55:11] >>> confirmation = true
[2025-12-19 13:55:11] >>> x_cod_response = 3
[2025-12-19 13:55:11] >>> (confirmation && x_cod_response == 3) = TRUE
[2025-12-19 13:55:11] >>> CONFIRMACION CON x_cod_response=3 DETECTADA para orden 20
[2025-12-19 13:55:11] >>> Configuración: REDUCIR stock en pendientes = DESACTIVO
[2025-12-19 13:55:11] >>> No se reduce stock para transacciones pendientes en el pedido 20
[2025-12-19 13:55:11] >>> Restaurando stock que PrestaShop descontó automáticamente...
[2025-12-19 13:55:11] Cambiando estado de orden a PAYCO_OS_PENDING
[2025-12-19 14:00:14] === ACENTARPAGO INICIADO === Order: 21 | x_cod_response: 3 | current_state: 18 | confirmation: true
[2025-12-19 14:00:14] DEBUG: confirmation type=boolean | x_cod_response type=integer
[2025-12-19 14:00:14] >>> DETECTADO: Transacción PENDIENTE (x_cod_response=3)
[2025-12-19 14:00:14] >>> p_reduce_stock_pending = true
[2025-12-19 14:00:14] >>> Verificando condición: confirmation && x_cod_response == 3
[2025-12-19 14:00:14] >>> confirmation = true
[2025-12-19 14:00:14] >>> x_cod_response = 3
[2025-12-19 14:00:14] >>> (confirmation && x_cod_response == 3) = TRUE
[2025-12-19 14:00:14] >>> CONFIRMACION CON x_cod_response=3 DETECTADA para orden 21
[2025-12-19 14:00:14] >>> Configuración: REDUCIR stock en pendientes = ACTIVO
[2025-12-19 14:00:14] >>> Stock NO está descontado aún, DESCONTANDO ahora...
[2025-12-19 14:00:15] >>> Stock descontado exitosamente para transacción pendiente en el pedido 21
[2025-12-19 14:00:15] Cambiando estado de orden a PAYCO_OS_PENDING
[2025-12-19 14:07:46] === ACENTARPAGO INICIADO === Order: 22 | x_cod_response: 3 | current_state: 18 | confirmation: true
[2025-12-19 14:07:46] DEBUG: confirmation type=boolean | x_cod_response type=integer
[2025-12-19 14:07:46] >>> DETECTADO: Transacción PENDIENTE (x_cod_response=3)
[2025-12-19 14:07:46] >>> p_reduce_stock_pending = true
[2025-12-19 14:07:46] >>> Verificando condición: confirmation && x_cod_response == 3
[2025-12-19 14:07:46] >>> confirmation = true
[2025-12-19 14:07:46] >>> x_cod_response = 3
[2025-12-19 14:07:46] >>> (confirmation && x_cod_response == 3) = TRUE
[2025-12-19 14:07:46] >>> CONFIRMACION CON x_cod_response=3 DETECTADA para orden 22
[2025-12-19 14:07:46] >>> Configuración: REDUCIR stock en pendientes = ACTIVO
[2025-12-19 14:07:46] >>> Stock NO está descontado aún, DESCONTANDO ahora...
[2025-12-19 14:07:46] >>> Prestashop ya desconto el stock, por lo tanto no se resta nuevamente... 22
[2025-12-19 14:07:46] Cambiando estado de orden a PAYCO_OS_PENDING
